<?xml version="1.0" encoding="UTF-8"?>
<!-- Generated by org.testng.reporters.JUnitReportReporter -->
<testsuite skipped="0" hostname="SHI58495EU1488E" name="com.shs.api.testCases.SettlementAPITestCases" tests="1" failures="0" timestamp="08 Apr 2019 14:25:20 GMT" time="485.090" errors="0">
  <testcase name="createPartOrder" time="485.090" classname="com.shs.api.testCases.SettlementAPITestCases"/>
</testsuite> <!-- com.shs.api.testCases.SettlementAPITestCases -->
