<?xml version="1.0" encoding="UTF-8"?>
<!-- Generated by org.testng.reporters.JUnitReportReporter -->
<testsuite skipped="0" hostname="SHI58495EU1488E" name="com.shs.api.testCases.SettlementAPI_TestCase" tests="1" failures="0" timestamp="15 Mar 2019 10:24:40 GMT" time="14.919" errors="0">
  <testcase name="singlePaymentRequest" time="14.919" classname="com.shs.api.testCases.SettlementAPI_TestCase"/>
</testsuite> <!-- com.shs.api.testCases.SettlementAPI_TestCase -->
