<?xml version="1.0" encoding="UTF-8"?>
<!-- Generated by org.testng.reporters.JUnitReportReporter -->
<testsuite skipped="0" hostname="SHI58495EU1488E" name="testCase.SettlementAPI_TestCase" tests="1" failures="0" timestamp="13 Mar 2019 08:03:05 GMT" time="14.543" errors="0">
  <testcase name="singlePaymentRequest" time="14.543" classname="testCase.SettlementAPI_TestCase"/>
</testsuite> <!-- testCase.SettlementAPI_TestCase -->
